<?xml version="1.0" encoding="UTF-8"?>
<testng-results ignored="0" total="1" passed="1" failed="0" skipped="0">
  <reporter-output>
    <line>
      <![CDATA[Step 1: Go to https://demo1.cybersoft.edu.vn/sign-up]]>
    </line>
    <line>
      <![CDATA[Step 2: Enter value on 'Tai khoan' textbox]]>
    </line>
    <line>
      <![CDATA[Step 3: Enter value on 'Mat Khau' textbox]]>
    </line>
    <line>
      <![CDATA[Step 4: Enter value on 'Nhap Lai Mat Khau' textbox]]>
    </line>
    <line>
      <![CDATA[Step 5: Enter value on 'Ho ten' textbox]]>
    </line>
    <line>
      <![CDATA[Step 6: Enter value on 'Email' textbox]]>
    </line>
    <line>
      <![CDATA[Step 7: Click 'Dang Ky' button]]>
    </line>
    <line>
      <![CDATA[Step 8: Verify register successfully]]>
    </line>
  </reporter-output>
  <suite started-at="2025-09-23T21:49:09 ICT" name="Gradle suite" finished-at="2025-09-23T21:49:18 ICT" duration-ms="9440">
    <groups>
    </groups>
    <test started-at="2025-09-23T21:49:09 ICT" name="Gradle test" finished-at="2025-09-23T21:49:18 ICT" duration-ms="9440">
      <class name="testcases.register.TC01_RegisterTest">
        <test-method is-config="true" signature="beforceClass()[pri:0, instance:testcases.register.TC01_RegisterTest@169bb4dd]" started-at="2025-09-23T21:49:09 ICT" name="beforceClass" finished-at="2025-09-23T21:49:09 ICT" duration-ms="6" status="PASS">
          <reporter-output>
          </reporter-output>
        </test-method> <!-- beforceClass -->
        <test-method is-config="true" signature="beforceMethod()[pri:0, instance:testcases.register.TC01_RegisterTest@169bb4dd]" started-at="2025-09-23T21:49:09 ICT" name="beforceMethod" finished-at="2025-09-23T21:49:09 ICT" duration-ms="848" status="PASS">
          <reporter-output>
          </reporter-output>
        </test-method> <!-- beforceMethod -->
        <test-method signature="testRegister()[pri:0, instance:testcases.register.TC01_RegisterTest@169bb4dd]" started-at="2025-09-23T21:49:09 ICT" name="testRegister" finished-at="2025-09-23T21:49:18 ICT" duration-ms="8564" status="PASS">
          <reporter-output>
            <line>
              <![CDATA[Step 1: Go to https://demo1.cybersoft.edu.vn/sign-up]]>
            </line>
            <line>
              <![CDATA[Step 2: Enter value on 'Tai khoan' textbox]]>
            </line>
            <line>
              <![CDATA[Step 3: Enter value on 'Mat Khau' textbox]]>
            </line>
            <line>
              <![CDATA[Step 4: Enter value on 'Nhap Lai Mat Khau' textbox]]>
            </line>
            <line>
              <![CDATA[Step 5: Enter value on 'Ho ten' textbox]]>
            </line>
            <line>
              <![CDATA[Step 6: Enter value on 'Email' textbox]]>
            </line>
            <line>
              <![CDATA[Step 7: Click 'Dang Ky' button]]>
            </line>
            <line>
              <![CDATA[Step 8: Verify register successfully]]>
            </line>
          </reporter-output>
        </test-method> <!-- testRegister -->
        <test-method is-config="true" signature="afterMethod()[pri:0, instance:testcases.register.TC01_RegisterTest@169bb4dd]" started-at="2025-09-23T21:49:18 ICT" name="afterMethod" finished-at="2025-09-23T21:49:18 ICT" duration-ms="0" status="PASS">
          <reporter-output>
          </reporter-output>
        </test-method> <!-- afterMethod -->
        <test-method is-config="true" signature="afterClass()[pri:0, instance:testcases.register.TC01_RegisterTest@169bb4dd]" started-at="2025-09-23T21:49:18 ICT" name="afterClass" finished-at="2025-09-23T21:49:18 ICT" duration-ms="1" status="PASS">
          <reporter-output>
          </reporter-output>
        </test-method> <!-- afterClass -->
      </class> <!-- testcases.register.TC01_RegisterTest -->
    </test> <!-- Gradle test -->
  </suite> <!-- Gradle suite -->
</testng-results>
