<?xml version="1.0" encoding="UTF-8"?>
<!-- Generated by org.testng.reporters.JUnitReportReporter -->
<testsuite hostname="DESKTOP-VDMI65C" failures="0" tests="1" name="testcases.login.TC02_LoginTest" time="12.175" errors="0" timestamp="2025-09-23T21:48:48 ICT" skipped="0">
  <testcase classname="testcases.login.TC02_LoginTest" name="testLogin" time="12.175">
    <system-out>
      <![CDATA[Step 1: Verify login successfully
Step 2: erify Login Successfully Msg
Step 3: Verify UserName Profile]]>
    </system-out>
  </testcase> <!-- testLogin -->
  <system-out>
    <![CDATA[Step 1: Verify login successfully
Step 2: erify Login Successfully Msg
Step 3: Verify UserName Profile]]>
  </system-out>
</testsuite> <!-- testcases.login.TC02_LoginTest -->
