<?xml version="1.0" encoding="UTF-8"?>
<!-- Generated by org.testng.reporters.JUnitReportReporter -->
<testsuite hostname="DESKTOP-VDMI65C" failures="0" tests="1" name="testcases.register.TC01_RegisterTest" time="9.412" errors="0" timestamp="2025-09-23T21:49:18 ICT" skipped="0">
  <testcase classname="testcases.register.TC01_RegisterTest" name="testRegister" time="9.412">
    <system-out>
      <![CDATA[Step 1: Go to https://demo1.cybersoft.edu.vn/sign-up
Step 2: Enter value on 'Tai khoan' textbox
Step 3: Enter value on 'Mat Khau' textbox
Step 4: Enter value on 'Nhap Lai Mat Khau' textbox
Step 5: Enter value on 'Ho ten' textbox
Step 6: Enter value on 'Email' textbox
Step 7: Click 'Dang Ky' button
Step 8: Verify register successfully]]>
    </system-out>
  </testcase> <!-- testRegister -->
  <system-out>
    <![CDATA[Step 1: Go to https://demo1.cybersoft.edu.vn/sign-up
Step 2: Enter value on 'Tai khoan' textbox
Step 3: Enter value on 'Mat Khau' textbox
Step 4: Enter value on 'Nhap Lai Mat Khau' textbox
Step 5: Enter value on 'Ho ten' textbox
Step 6: Enter value on 'Email' textbox
Step 7: Click 'Dang Ky' button
Step 8: Verify register successfully]]>
  </system-out>
</testsuite> <!-- testcases.register.TC01_RegisterTest -->
