<?xml version="1.0" encoding="UTF-8"?>
<!-- Generated by org.testng.reporters.JUnitReportReporter -->
<testsuite hostname="DESKTOP-VDMI65C" failures="0" tests="2" name="testcases.register.TC01_RegisterTest" time="12.113" errors="0" timestamp="2025-09-18T20:31:31 ICT" skipped="0">
  <testcase classname="testcases.register.TC01_RegisterTest" name="testRegister" time="10.870">
    <system-out>
      <![CDATA[Step 1: Go to https://demo1.cybersoft.edu.vn/sign-up
Step 2: Enter value on 'Tai khoan' textbox]]>
    </system-out>
  </testcase> <!-- testRegister -->
  <testcase classname="testcases.register.TC01_RegisterTest" name="testinvalidRegister" time="1.243"/>
  <system-out>
    <![CDATA[Step 1: Go to https://demo1.cybersoft.edu.vn/sign-up
Step 2: Enter value on 'Tai khoan' textbox]]>
  </system-out>
</testsuite> <!-- testcases.register.TC01_RegisterTest -->
